nohup: ignoring input
[[1;34mINFO[m] Scanning for projects...
[[1;34mINFO[m] 
[[1;34mINFO[m] [1m-------------------< [0;36mcom.example:library-management[0;1m >-------------------[m
[[1;34mINFO[m] [1mBuilding library-management 0.0.1-SNAPSHOT[m
[[1;34mINFO[m] [1m--------------------------------[ jar ]---------------------------------[m
[[1;34mINFO[m] 
[[1;34mINFO[m] [1m>>> [0;32mspring-boot-maven-plugin:3.2.0:run[m [1m(default-cli)[0;1m > [0;1mtest-compile[m @ [36mlibrary-management[0;1m >>>[m
[[1;34mINFO[m] 
[[1;34mINFO[m] [1m--- [0;32mmaven-resources-plugin:3.3.1:resources[m [1m(default-resources)[m @ [36mlibrary-management[0;1m ---[m
[[1;34mINFO[m] Copying 1 resource from src/main/resources to target/classes
[[1;34mINFO[m] Copying 11 resources from src/main/resources to target/classes
[[1;34mINFO[m] 
[[1;34mINFO[m] [1m--- [0;32mmaven-compiler-plugin:3.11.0:compile[m [1m(default-compile)[m @ [36mlibrary-management[0;1m ---[m
[[1;34mINFO[m] Changes detected - recompiling the module! :source
[[1;34mINFO[m] Compiling 30 source files with javac [debug release 17] to target/classes
[[1;34mINFO[m] /home/samarthnigam/projects/docker-keycloak/poc/library-management/src/main/java/com/example/librarymanagement/controller/PermissionCheckController.java: /home/samarthnigam/projects/docker-keycloak/poc/library-management/src/main/java/com/example/librarymanagement/controller/PermissionCheckController.java uses unchecked or unsafe operations.
[[1;34mINFO[m] /home/samarthnigam/projects/docker-keycloak/poc/library-management/src/main/java/com/example/librarymanagement/controller/PermissionCheckController.java: Recompile with -Xlint:unchecked for details.
[[1;34mINFO[m] -------------------------------------------------------------
[[1;31mERROR[m] COMPILATION ERROR : 
[[1;34mINFO[m] -------------------------------------------------------------
[[1;31mERROR[m] /home/samarthnigam/projects/docker-keycloak/poc/library-management/src/main/java/com/example/librarymanagement/controller/BookController.java:[43,9] cannot find symbol
  symbol:   method checkPermission(java.lang.String,java.lang.String,<nulltype>,<nulltype>)
  location: class com.example.librarymanagement.controller.BookController
[[1;31mERROR[m] /home/samarthnigam/projects/docker-keycloak/poc/library-management/src/main/java/com/example/librarymanagement/controller/BookController.java:[50,9] cannot find symbol
  symbol:   method checkPermission(java.lang.String,java.lang.String,<nulltype>,<nulltype>)
  location: class com.example.librarymanagement.controller.BookController
[[1;31mERROR[m] /home/samarthnigam/projects/docker-keycloak/poc/library-management/src/main/java/com/example/librarymanagement/controller/BookController.java:[57,9] cannot find symbol
  symbol:   method checkPermission(java.lang.String,java.lang.String,java.lang.Long,<nulltype>)
  location: class com.example.librarymanagement.controller.BookController
[[1;31mERROR[m] /home/samarthnigam/projects/docker-keycloak/poc/library-management/src/main/java/com/example/librarymanagement/controller/BookController.java:[68,9] cannot find symbol
  symbol:   method checkPermission(java.lang.String,java.lang.String,java.lang.Long,<nulltype>)
  location: class com.example.librarymanagement.controller.BookController
[[1;31mERROR[m] /home/samarthnigam/projects/docker-keycloak/poc/library-management/src/main/java/com/example/librarymanagement/controller/BookController.java:[78,9] cannot find symbol
  symbol:   method checkPermission(java.lang.String,java.lang.String,java.lang.Long,<nulltype>)
  location: class com.example.librarymanagement.controller.BookController
[[1;34mINFO[m] 5 errors 
[[1;34mINFO[m] -------------------------------------------------------------
[[1;34mINFO[m] [1m------------------------------------------------------------------------[m
[[1;34mINFO[m] [1;31mBUILD FAILURE[m
[[1;34mINFO[m] [1m------------------------------------------------------------------------[m
[[1;34mINFO[m] Total time:  5.180 s
[[1;34mINFO[m] Finished at: 2025-12-11T13:47:38+05:30
[[1;34mINFO[m] [1m------------------------------------------------------------------------[m
[[1;31mERROR[m] Failed to execute goal [32morg.apache.maven.plugins:maven-compiler-plugin:3.11.0:compile[m [1m(default-compile)[m on project [36mlibrary-management[m: [1;31mCompilation failure[m: Compilation failure: 
[[1;31mERROR[m] /home/samarthnigam/projects/docker-keycloak/poc/library-management/src/main/java/com/example/librarymanagement/controller/BookController.java:[43,9] cannot find symbol
[[1;31mERROR[m]   symbol:   method checkPermission(java.lang.String,java.lang.String,<nulltype>,<nulltype>)
[[1;31mERROR[m]   location: class com.example.librarymanagement.controller.BookController
[[1;31mERROR[m] /home/samarthnigam/projects/docker-keycloak/poc/library-management/src/main/java/com/example/librarymanagement/controller/BookController.java:[50,9] cannot find symbol
[[1;31mERROR[m]   symbol:   method checkPermission(java.lang.String,java.lang.String,<nulltype>,<nulltype>)
[[1;31mERROR[m]   location: class com.example.librarymanagement.controller.BookController
[[1;31mERROR[m] /home/samarthnigam/projects/docker-keycloak/poc/library-management/src/main/java/com/example/librarymanagement/controller/BookController.java:[57,9] cannot find symbol
[[1;31mERROR[m]   symbol:   method checkPermission(java.lang.String,java.lang.String,java.lang.Long,<nulltype>)
[[1;31mERROR[m]   location: class com.example.librarymanagement.controller.BookController
[[1;31mERROR[m] /home/samarthnigam/projects/docker-keycloak/poc/library-management/src/main/java/com/example/librarymanagement/controller/BookController.java:[68,9] cannot find symbol
[[1;31mERROR[m]   symbol:   method checkPermission(java.lang.String,java.lang.String,java.lang.Long,<nulltype>)
[[1;31mERROR[m]   location: class com.example.librarymanagement.controller.BookController
[[1;31mERROR[m] /home/samarthnigam/projects/docker-keycloak/poc/library-management/src/main/java/com/example/librarymanagement/controller/BookController.java:[78,9] cannot find symbol
[[1;31mERROR[m]   symbol:   method checkPermission(java.lang.String,java.lang.String,java.lang.Long,<nulltype>)
[[1;31mERROR[m]   location: class com.example.librarymanagement.controller.BookController
[[1;31mERROR[m] -> [1m[Help 1][m
[[1;31mERROR[m] 
[[1;31mERROR[m] To see the full stack trace of the errors, re-run Maven with the [1m-e[m switch.
[[1;31mERROR[m] Re-run Maven using the [1m-X[m switch to enable full debug logging.
[[1;31mERROR[m] 
[[1;31mERROR[m] For more information about the errors and possible solutions, please read the following articles:
[[1;31mERROR[m] [1m[Help 1][m http://cwiki.apache.org/confluence/display/MAVEN/MojoFailureException
